<?xml version="1.0" encoding="UTF-8"?>
<testsuites xmlns:base64="eu.nets.burp.JUnitXmlGenerator">
  <testsuite errors="0" failures="4" name="BurpSuite" skipped="0"
             tests="4" time="0">
    <testcase classname="Email addresses disclosed" name="http://localhost:5432/bower_components/angular/angular.js">
      <failure
          message="Type: 6291968&#xa;Host: http://localhost:5432&#xa;Location: /bower_components/angular/angular.js&#xa;&#xa;Background: &lt;p>The presence of email addresses within application responses does not necessarily constitute a security vulnerability. Email addresses may appear intentionally within contact information, and many applications (such as web mail) include arbitrary third-party email addresses within their core content.&lt;/p>&#xa;&lt;p>However, email addresses of developers and other individuals (whether appearing on-screen or hidden within page source) may disclose information that is useful to an attacker; for example, they may represent usernames that can be used at the application's login, and they may be used in social engineering attacks against the organization's personnel. Unnecessary or excessive disclosure of email addresses may also lead to an increase in the volume of spam email received.&lt;/p>&#xa;&#xa;Remediation: &lt;p>Consider removing any email addresses that are unnecessary, or replacing personal addresses with anonymous mailbox addresses (such as helpdesk@example.com).&lt;/p>&#xa;&lt;p>To reduce the quantity of spam sent to anonymous mailbox addresses, consider hiding the email address and instead providing a form that generates the email server-side, protected by a CAPTCHA if necessary. &lt;/p>" type="6291968"/>
      <system-out><![CDATA[Request:
GET /bower_components/angular/angular.js HTTP/1.1
Host: localhost:5432
Accept: */*
Accept-Language: en
User-Agent: Mozilla/5.0 (compatible; MSIE 9.0; Windows NT 6.1; Win64; x64; Trident/5.0)
Connection: close
Referer: http://localhost:5432/
Cookie: JSESSIONID=A7CE70CB454E645420264FBF11F86C70; CSRF-TOKEN=dd5b95d2-f210-4238-9c0b-a582450e39a8

]]></system-out>
    </testcase>
    <testcase classname="Email addresses disclosed" name="http://localhost:5432/bower_components/angular-local-storage/dist/angular-local-storage.js">
      <failure
          message="Type: 6291968&#xa;Host: http://localhost:5432&#xa;Location: /bower_components/angular-local-storage/dist/angular-local-storage.js&#xa;&#xa;Background: &lt;p>The presence of email addresses within application responses does not necessarily constitute a security vulnerability. Email addresses may appear intentionally within contact information, and many applications (such as web mail) include arbitrary third-party email addresses within their core content.&lt;/p>&#xa;&lt;p>However, email addresses of developers and other individuals (whether appearing on-screen or hidden within page source) may disclose information that is useful to an attacker; for example, they may represent usernames that can be used at the application's login, and they may be used in social engineering attacks against the organization's personnel. Unnecessary or excessive disclosure of email addresses may also lead to an increase in the volume of spam email received.&lt;/p>&#xa;&#xa;Remediation: &lt;p>Consider removing any email addresses that are unnecessary, or replacing personal addresses with anonymous mailbox addresses (such as helpdesk@example.com).&lt;/p>&#xa;&lt;p>To reduce the quantity of spam sent to anonymous mailbox addresses, consider hiding the email address and instead providing a form that generates the email server-side, protected by a CAPTCHA if necessary. &lt;/p>" type="6291968"/>
      <system-out><![CDATA[Request:
GET /bower_components/angular-local-storage/dist/angular-local-storage.js HTTP/1.1
Host: localhost:5432
Accept: */*
Accept-Language: en
User-Agent: Mozilla/5.0 (compatible; MSIE 9.0; Windows NT 6.1; Win64; x64; Trident/5.0)
Connection: close
Referer: http://localhost:5432/
Cookie: JSESSIONID=A7CE70CB454E645420264FBF11F86C70; CSRF-TOKEN=dd5b95d2-f210-4238-9c0b-a582450e39a8

]]></system-out>
    </testcase>
    <testcase classname="Email addresses disclosed" name="http://localhost:5432/bower_components/angular-sanitize/angular-sanitize.js">
      <failure
          message="Type: 6291968&#xa;Host: http://localhost:5432&#xa;Location: /bower_components/angular-sanitize/angular-sanitize.js&#xa;&#xa;Background: &lt;p>The presence of email addresses within application responses does not necessarily constitute a security vulnerability. Email addresses may appear intentionally within contact information, and many applications (such as web mail) include arbitrary third-party email addresses within their core content.&lt;/p>&#xa;&lt;p>However, email addresses of developers and other individuals (whether appearing on-screen or hidden within page source) may disclose information that is useful to an attacker; for example, they may represent usernames that can be used at the application's login, and they may be used in social engineering attacks against the organization's personnel. Unnecessary or excessive disclosure of email addresses may also lead to an increase in the volume of spam email received.&lt;/p>&#xa;&#xa;Remediation: &lt;p>Consider removing any email addresses that are unnecessary, or replacing personal addresses with anonymous mailbox addresses (such as helpdesk@example.com).&lt;/p>&#xa;&lt;p>To reduce the quantity of spam sent to anonymous mailbox addresses, consider hiding the email address and instead providing a form that generates the email server-side, protected by a CAPTCHA if necessary. &lt;/p>" type="6291968"/>
      <system-out><![CDATA[Request:
GET /bower_components/angular-sanitize/angular-sanitize.js HTTP/1.1
Host: localhost:5432
Accept: */*
Accept-Language: en
User-Agent: Mozilla/5.0 (compatible; MSIE 9.0; Windows NT 6.1; Win64; x64; Trident/5.0)
Connection: close
Referer: http://localhost:5432/
Cookie: JSESSIONID=A7CE70CB454E645420264FBF11F86C70; CSRF-TOKEN=dd5b95d2-f210-4238-9c0b-a582450e39a8

]]></system-out>
    </testcase>
    <testcase classname="Email addresses disclosed" name="http://localhost:5432/bower_components/ng-file-upload/ng-file-upload.js">
      <failure
          message="Type: 6291968&#xa;Host: http://localhost:5432&#xa;Location: /bower_components/ng-file-upload/ng-file-upload.js&#xa;&#xa;Background: &lt;p>The presence of email addresses within application responses does not necessarily constitute a security vulnerability. Email addresses may appear intentionally within contact information, and many applications (such as web mail) include arbitrary third-party email addresses within their core content.&lt;/p>&#xa;&lt;p>However, email addresses of developers and other individuals (whether appearing on-screen or hidden within page source) may disclose information that is useful to an attacker; for example, they may represent usernames that can be used at the application's login, and they may be used in social engineering attacks against the organization's personnel. Unnecessary or excessive disclosure of email addresses may also lead to an increase in the volume of spam email received.&lt;/p>&#xa;&#xa;Remediation: &lt;p>Consider removing any email addresses that are unnecessary, or replacing personal addresses with anonymous mailbox addresses (such as helpdesk@example.com).&lt;/p>&#xa;&lt;p>To reduce the quantity of spam sent to anonymous mailbox addresses, consider hiding the email address and instead providing a form that generates the email server-side, protected by a CAPTCHA if necessary. &lt;/p>" type="6291968"/>
      <system-out><![CDATA[Request:
GET /bower_components/ng-file-upload/ng-file-upload.js HTTP/1.1
Host: localhost:5432
Accept: */*
Accept-Language: en
User-Agent: Mozilla/5.0 (compatible; MSIE 9.0; Windows NT 6.1; Win64; x64; Trident/5.0)
Connection: close
Referer: http://localhost:5432/
Cookie: JSESSIONID=A7CE70CB454E645420264FBF11F86C70; CSRF-TOKEN=dd5b95d2-f210-4238-9c0b-a582450e39a8

]]></system-out>
    </testcase>
  </testsuite>
</testsuites>